Project Information                       d:\work\logi\project\decode_7seg.rpt

MAX+plus II Compiler Report File
Version 10.2 07/10/2002
Compiled: 10/29/2020 22:30:38

Copyright (C) 1988-2002 Altera Corporation
Any megafunction design, and related net list (encrypted or decrypted),
support information, device programming or simulation file, and any other
associated documentation or information provided by Altera or a partner
under Altera's Megafunction Partnership Program may be used only to
program PLD devices (but not masked PLD devices) from Altera.  Any other
use of such megafunction design, net list, support information, device
programming or simulation file, or any other related documentation or
information is prohibited for any other purpose, including, but not
limited to modification, reverse engineering, de-compiling, or use with
any other silicon devices, unless such use is explicitly licensed under
a separate agreement with Altera or a megafunction partner.  Title to
the intellectual property, including patents, copyrights, trademarks,
trade secrets, or maskworks, embodied in any such megafunction design,
net list, support information, device programming or simulation file, or
any other related documentation or information provided by Altera or a
megafunction partner, remains with Altera, the megafunction partner, or
their respective licensors.  No other licenses, including any licenses
needed under any third party's intellectual property, are provided herein.



***** Project compilation was successful




** DEVICE SUMMARY **

Chip/                     Input   Output   Bidir         Shareable
POF       Device          Pins    Pins     Pins     LCs  Expanders  % Utilized

decode_7seg
      EPM7032SLC44-5       6        7        0      21      4           65 %

User Pins:                 6        7        0  



Device-Specific Information:              d:\work\logi\project\decode_7seg.rpt
decode_7seg

***** Logic for device 'decode_7seg' compiled without errors.




Device: EPM7032SLC44-5

Device Options:
    Turbo Bit                                    = ON
    Security Bit                                 = OFF
    Enable JTAG Support                        = ON
    User Code                                  = ffff

                                         R  R  
                                         E  E  
                                         S  S  
                                         E  E  
                                         R  R  
                       V  G  G  G  G  G  V  V  
                       C  N  N  N  N  N  E  E  
              B  A  F  C  D  D  D  D  D  D  D  
            -----------------------------------_ 
          /   6  5  4  3  2  1 44 43 42 41 40   | 
    #TDI |  7                                39 | RESERVED 
       C |  8                                38 | #TDO 
       D |  9                                37 | RESERVED 
     GND | 10                                36 | RESERVED 
       E | 11                                35 | VCC 
RESERVED | 12         EPM7032SLC44-5         34 | leda 
    #TMS | 13                                33 | ledb 
RESERVED | 14                                32 | #TCK 
     VCC | 15                                31 | ledc 
RESERVED | 16                                30 | GND 
RESERVED | 17                                29 | RESERVED 
         |_  18 19 20 21 22 23 24 25 26 27 28  _| 
           ------------------------------------ 
              R  R  R  R  G  V  l  l  l  R  l  
              E  E  E  E  N  C  e  e  e  E  e  
              S  S  S  S  D  C  d  d  d  S  d  
              E  E  E  E        f  e  g  E  d  
              R  R  R  R                 R     
              V  V  V  V                 V     
              E  E  E  E                 E     
              D  D  D  D                 D     


N.C. = No Connect. This pin has no internal connection to the device.
VCC = Dedicated power pin, which MUST be connected to VCC.
GND = Dedicated ground pin or unused dedicated input, which MUST be connected to GND.
RESERVED = Unused I/O pin, which MUST be left unconnected.

^ = Dedicated configuration pin.
+ = Reserved configuration pin, which is tri-stated during user mode.
* = Reserved configuration pin, which drives out in user mode.
PDn = Power Down pin. 
@ = Special-purpose pin. 
# = JTAG Boundary-Scan Testing/In-System Programming or Configuration Pin. The JTAG inputs TMS and TDI should be tied to VCC and TCK should be tied to GND when not in use.
& = JTAG pin used for I/O. When used as user I/O, JTAG pins must be kept stable before and during configuration.  JTAG pin stability prevents accidental loading of JTAG instructions.


Device-Specific Information:              d:\work\logi\project\decode_7seg.rpt
decode_7seg

** RESOURCE USAGE **

                                                Shareable     External
Logic Array Block     Logic Cells   I/O Pins    Expanders   Interconnect

A:     LC1 - LC16     5/16( 31%)   8/16( 50%)   0/16(  0%)   6/36( 16%) 
B:    LC17 - LC32    16/16(100%)   9/16( 56%)   7/16( 43%)  18/36( 50%) 


Total dedicated input pins used:                 0/4      (  0%)
Total I/O pins used:                            17/32     ( 53%)
Total logic cells used:                         21/32     ( 65%)
Total shareable expanders used:                  4/32     ( 12%)
Total Turbo logic cells used:                   21/32     ( 65%)
Total shareable expanders not available (n/a):   3/32     (  9%)
Average fan-in:                                  5.33
Total fan-in:                                   112

Total input pins required:                       6
Total fast input logic cells required:           0
Total output pins required:                      7
Total bidirectional pins required:               0
Total reserved pins required                     4
Total logic cells required:                     21
Total flipflops required:                        0
Total product terms required:                   57
Total logic cells lending parallel expanders:    0
Total shareable expanders in database:           4

Synthesized logic cells:                        14/  32   ( 43%)



Device-Specific Information:              d:\work\logi\project\decode_7seg.rpt
decode_7seg

** INPUTS **

                                         Shareable
                                         Expanders     Fan-In    Fan-Out
 Pin     LC  LAB  Primitive    Code   Total Shared n/a INP  FBK  OUT  FBK  Name
   5    (2)  (A)      INPUT               0      0   0    0    0    7    7  A
   6    (3)  (A)      INPUT               0      0   0    0    0    7    7  B
   8    (5)  (A)      INPUT               0      0   0    0    0    7    7  C
   9    (6)  (A)      INPUT               0      0   0    0    0    7    7  D
  11    (7)  (A)      INPUT               0      0   0    0    0    7    7  E
   4    (1)  (A)      INPUT               0      0   0    0    0    7   14  F


Code:

s = Synthesized pin or logic cell
t = Turbo logic cell
+ = Synchronous flipflop
/ = Slow slew-rate output
! = NOT gate push-back
r = Fitter-inserted logic cell


Device-Specific Information:              d:\work\logi\project\decode_7seg.rpt
decode_7seg

** OUTPUTS **

                                         Shareable
                                         Expanders     Fan-In    Fan-Out
 Pin     LC  LAB  Primitive    Code   Total Shared n/a INP  FBK  OUT  FBK  Name
  34     23    B     OUTPUT      t        0      0   0    6    1    0    0  leda
  33     24    B     OUTPUT      t        0      0   0    6    1    0    0  ledb
  31     26    B     OUTPUT      t        0      0   0    6    1    0    0  ledc
  28     28    B     OUTPUT      t        0      0   0    6    1    0    0  ledd
  25     31    B     OUTPUT      t        2      2   0    6    1    0    0  lede
  24     32    B     OUTPUT      t        1      1   0    6    1    0    0  ledf
  26     30    B     OUTPUT      t        0      0   0    6    1    0    0  ledg


Code:

s = Synthesized pin or logic cell
t = Turbo logic cell
+ = Synchronous flipflop
/ = Slow slew-rate output
! = NOT gate push-back
r = Fitter-inserted logic cell


Device-Specific Information:              d:\work\logi\project\decode_7seg.rpt
decode_7seg

** BURIED LOGIC **

                                         Shareable
                                         Expanders     Fan-In    Fan-Out
 Pin     LC  LAB  Primitive    Code   Total Shared n/a INP  FBK  OUT  FBK  Name
 (40)    18    B       SOFT    s t        2      1   1    6    1    1    1  ~177~1
 (41)    17    B       SOFT    s t        2      2   0    6    1    1    1  ~178~1
 (39)    19    B       SOFT    s t        1      0   1    6    1    1    1  ~179~1
 (27)    29    B       SOFT    s t        3      2   1    6    1    1    1  ~180~1
 (29)    27    B       SOFT    s t        2      2   0    6    1    0    1  ~181~1
 (36)    22    B       SOFT    s t        2      1   0    6    1    0    1  ~182~1
 (37)    21    B       SOFT    s t        2      2   0    6    1    1    1  ~183~1
  (9)     6    A      LCELL    s t        0      0   0    1    1    0    1  ~184~1
  (8)     5    A      LCELL    s t        0      0   0    1    1    0    1  ~185~1
 (12)     8    A      LCELL    s t        0      0   0    1    1    0    1  ~186~1
 (38)    20    B      LCELL    s t        0      0   0    1    1    0    1  ~187~1
  (7)     4    A      LCELL    s t        0      0   0    1    1    1    1  ~188~1
 (11)     7    A      LCELL    s t        0      0   0    1    1    1    1  ~189~1
 (32)    25    B      LCELL    s t        0      0   0    1    1    0    1  ~190~1


Code:

s = Synthesized pin or logic cell
t = Turbo logic cell
+ = Synchronous flipflop
/ = Slow slew-rate output
! = NOT gate push-back
r = Fitter-inserted logic cell


Device-Specific Information:              d:\work\logi\project\decode_7seg.rpt
decode_7seg

** LOGIC CELL INTERCONNECTIONS **

Logic Array Block 'A':

                   Logic cells placed in LAB 'A'
        +--------- LC6 ~184~1
        | +------- LC5 ~185~1
        | | +----- LC8 ~186~1
        | | | +--- LC4 ~188~1
        | | | | +- LC7 ~189~1
        | | | | | 
        | | | | |   Other LABs fed by signals
        | | | | |   that feed LAB 'A'
LC      | | | | | | A B |     Logic cells that feed LAB 'A':

Pin
4    -> * * * * * | * * | <-- F
LC18 -> * - - - - | * * | <-- ~177~1
LC17 -> - * - - - | * * | <-- ~178~1
LC19 -> - - * - - | * * | <-- ~179~1
LC27 -> - - - * - | * - | <-- ~181~1
LC22 -> - - - - * | * - | <-- ~182~1


* = The logic cell or pin is an input to the logic cell (or LAB) through the PIA.
- = The logic cell or pin is not an input to the logic cell (or LAB).


Device-Specific Information:              d:\work\logi\project\decode_7seg.rpt
decode_7seg

** LOGIC CELL INTERCONNECTIONS **

Logic Array Block 'B':

                                         Logic cells placed in LAB 'B'
        +------------------------------- LC23 leda
        | +----------------------------- LC24 ledb
        | | +--------------------------- LC26 ledc
        | | | +------------------------- LC28 ledd
        | | | | +----------------------- LC31 lede
        | | | | | +--------------------- LC32 ledf
        | | | | | | +------------------- LC30 ledg
        | | | | | | | +----------------- LC18 ~177~1
        | | | | | | | | +--------------- LC17 ~178~1
        | | | | | | | | | +------------- LC19 ~179~1
        | | | | | | | | | | +----------- LC29 ~180~1
        | | | | | | | | | | | +--------- LC27 ~181~1
        | | | | | | | | | | | | +------- LC22 ~182~1
        | | | | | | | | | | | | | +----- LC21 ~183~1
        | | | | | | | | | | | | | | +--- LC20 ~187~1
        | | | | | | | | | | | | | | | +- LC25 ~190~1
        | | | | | | | | | | | | | | | | 
        | | | | | | | | | | | | | | | |   Other LABs fed by signals
        | | | | | | | | | | | | | | | |   that feed LAB 'B'
LC      | | | | | | | | | | | | | | | | | A B |     Logic cells that feed LAB 'B':
LC18 -> * - - - - - - - - - - - - - - - | * * | <-- ~177~1
LC17 -> - * - - - - - - - - - - - - - - | * * | <-- ~178~1
LC19 -> - - * - - - - - - - - - - - - - | * * | <-- ~179~1
LC29 -> - - - * - - - - - - - - - - * - | - * | <-- ~180~1
LC21 -> - - - - - - * - - - - - - - - * | - * | <-- ~183~1
LC20 -> - - - - - - - - - - * - - - - - | - * | <-- ~187~1
LC25 -> - - - - - - - - - - - - - * - - | - * | <-- ~190~1

Pin
5    -> * * * * * * * * * * * * * * - - | - * | <-- A
6    -> * * * * * * * * * * * * * * - - | - * | <-- B
8    -> * * * * * * * * * * * * * * - - | - * | <-- C
9    -> * * * * * * * * * * * * * * - - | - * | <-- D
11   -> * * * * * * * * * * * * * * - - | - * | <-- E
4    -> * * * * * * * * * * * * * * * * | * * | <-- F
LC6  -> - - - - - - - * - - - - - - - - | - * | <-- ~184~1
LC5  -> - - - - - - - - * - - - - - - - | - * | <-- ~185~1
LC8  -> - - - - - - - - - * - - - - - - | - * | <-- ~186~1
LC4  -> - - - - * - - - - - - * - - - - | - * | <-- ~188~1
LC7  -> - - - - - * - - - - - - * - - - | - * | <-- ~189~1


* = The logic cell or pin is an input to the logic cell (or LAB) through the PIA.
- = The logic cell or pin is not an input to the logic cell (or LAB).


Device-Specific Information:              d:\work\logi\project\decode_7seg.rpt
decode_7seg

** EQUATIONS **

A        : INPUT;
B        : INPUT;
C        : INPUT;
D        : INPUT;
E        : INPUT;
F        : INPUT;

-- Node name is 'leda' 
-- Equation name is 'leda', location is LC023, type is output.
 leda    = LCELL( _EQ001 $  VCC);
  _EQ001 = !A & !B & !C & !D & !E & !F
         #  F &  _LC018;

-- Node name is 'ledb' 
-- Equation name is 'ledb', location is LC024, type is output.
 ledb    = LCELL( _EQ002 $  VCC);
  _EQ002 = !A & !B & !C & !D & !E & !F
         #  F &  _LC017;

-- Node name is 'ledc' 
-- Equation name is 'ledc', location is LC026, type is output.
 ledc    = LCELL( _EQ003 $  VCC);
  _EQ003 = !A & !B & !C & !D & !E & !F
         #  F &  _LC019;

-- Node name is 'ledd' 
-- Equation name is 'ledd', location is LC028, type is output.
 ledd    = LCELL( _EQ004 $  VCC);
  _EQ004 = !A & !B & !C & !D & !E & !F
         #  F &  _LC029;

-- Node name is 'lede' 
-- Equation name is 'lede', location is LC031, type is output.
 lede    = LCELL( _EQ005 $  VCC);
  _EQ005 = !A & !B & !C & !D & !E & !F
         #  D &  F &  _LC004 &  _X001
         #  F &  _LC004 &  _X002;
  _X001  = EXP(!B & !C);
  _X002  = EXP(!E & !F);

-- Node name is 'ledf' 
-- Equation name is 'ledf', location is LC032, type is output.
 ledf    = LCELL( _EQ006 $  VCC);
  _EQ006 = !A & !B & !C & !D & !E & !F
         #  F &  _LC007 &  _X003;
  _X003  = EXP(!D & !E & !F);

-- Node name is 'ledg' 
-- Equation name is 'ledg', location is LC030, type is output.
 ledg    = LCELL( _EQ007 $  VCC);
  _EQ007 = !A & !B & !C & !D & !E & !F
         #  F &  _LC021;

-- Node name is '~177~1' 
-- Equation name is '~177~1', location is LC018, type is buried.
-- synthesized logic cell 
_LC018   = LCELL( _EQ008 $  GND);
  _EQ008 =  A &  C & !D & !E & !F
         # !B & !C &  D & !E & !F
         # !A & !C & !D & !E & !F
         #  B & !D & !E & !F
         #  _LC006 &  _X003;
  _X003  = EXP(!D & !E & !F);

-- Node name is '~178~1' 
-- Equation name is '~178~1', location is LC017, type is buried.
-- synthesized logic cell 
_LC017   = LCELL( _EQ009 $  VCC);
  _EQ009 =  A & !B &  C & !D & !E & !F
         # !A &  B &  C & !D & !E & !F
         #  D & !_LC005 &  _X001
         # !_LC005 &  _X002;
  _X001  = EXP(!B & !C);
  _X002  = EXP(!E & !F);

-- Node name is '~179~1' 
-- Equation name is '~179~1', location is LC019, type is buried.
-- synthesized logic cell 
_LC019   = LCELL( _EQ010 $  _LC008);
  _EQ010 = !A &  B & !C & !D & !E & !F &  _LC008
         #  C & !D & !E & !F & !_LC008
         #  A & !D & !E & !F & !_LC008
         # !B & !C & !E & !F & !_LC008;

-- Node name is '~180~1' 
-- Equation name is '~180~1', location is LC029, type is buried.
-- synthesized logic cell 
_LC029   = LCELL( _EQ011 $  VCC);
  _EQ011 =  A &  B &  C & !D & !E & !F
         #  A & !B & !C & !D & !E & !F
         # !A & !B &  C & !D & !E & !F
         #  D & !_LC020 &  _X001
         # !_LC020 &  _X002;
  _X001  = EXP(!B & !C);
  _X002  = EXP(!E & !F);

-- Node name is '~181~1' 
-- Equation name is '~181~1', location is LC027, type is buried.
-- synthesized logic cell 
_LC027   = LCELL( _EQ012 $  GND);
  _EQ012 = !A &  B & !D & !E & !F
         # !A & !B & !C & !E & !F
         #  D &  _LC004 &  _X001
         #  _LC004 &  _X002;
  _X001  = EXP(!B & !C);
  _X002  = EXP(!E & !F);

-- Node name is '~182~1' 
-- Equation name is '~182~1', location is LC022, type is buried.
-- synthesized logic cell 
_LC022   = LCELL( _EQ013 $  GND);
  _EQ013 =  C & !D & !E & !F &  _X004
         # !B & !C &  D & !E & !F
         # !A & !B & !D & !E & !F
         #  _LC007 &  _X003;
  _X004  = EXP( A &  B);
  _X003  = EXP(!D & !E & !F);

-- Node name is '~183~1' 
-- Equation name is '~183~1', location is LC021, type is buried.
-- synthesized logic cell 
_LC021   = LCELL( _EQ014 $  VCC);
  _EQ014 =  A &  B &  C & !D & !E & !F
         # !B & !C & !D & !E & !F
         #  D & !_LC025 &  _X001
         # !_LC025 &  _X002;
  _X001  = EXP(!B & !C);
  _X002  = EXP(!E & !F);

-- Node name is '~184~1' 
-- Equation name is '~184~1', location is LC006, type is buried.
-- synthesized logic cell 
_LC006   = LCELL( _EQ015 $  GND);
  _EQ015 =  F &  _LC018;

-- Node name is '~185~1' 
-- Equation name is '~185~1', location is LC005, type is buried.
-- synthesized logic cell 
_LC005   = LCELL( _EQ016 $  GND);
  _EQ016 =  F &  _LC017;

-- Node name is '~186~1' 
-- Equation name is '~186~1', location is LC008, type is buried.
-- synthesized logic cell 
_LC008   = LCELL( _EQ017 $  GND);
  _EQ017 =  F &  _LC019;

-- Node name is '~187~1' 
-- Equation name is '~187~1', location is LC020, type is buried.
-- synthesized logic cell 
_LC020   = LCELL( _EQ018 $  GND);
  _EQ018 =  F &  _LC029;

-- Node name is '~188~1' 
-- Equation name is '~188~1', location is LC004, type is buried.
-- synthesized logic cell 
_LC004   = LCELL( _EQ019 $  GND);
  _EQ019 =  F &  _LC027;

-- Node name is '~189~1' 
-- Equation name is '~189~1', location is LC007, type is buried.
-- synthesized logic cell 
_LC007   = LCELL( _EQ020 $  GND);
  _EQ020 =  F &  _LC022;

-- Node name is '~190~1' 
-- Equation name is '~190~1', location is LC025, type is buried.
-- synthesized logic cell 
_LC025   = LCELL( _EQ021 $  GND);
  _EQ021 =  F &  _LC021;



--     Shareable expanders that are duplicated in multiple LABs:
--     (none)




Project Information                       d:\work\logi\project\decode_7seg.rpt

** COMPILATION SETTINGS & TIMES **

Processing Menu Commands
------------------------

Design Doctor                             = off

Logic Synthesis:

   Synthesis Type Used                    = Standard

   Default Synthesis Style                = NORMAL

      Logic option settings in 'NORMAL' style for 'MAX7000S' family

      DECOMPOSE_GATES                     = on
      DUPLICATE_LOGIC_EXTRACTION          = on
      MINIMIZATION                        = full
      MULTI_LEVEL_FACTORING               = on
      NOT_GATE_PUSH_BACK                  = on
      PARALLEL_EXPANDERS                  = off
      REDUCE_LOGIC                        = on
      REFACTORIZATION                     = on
      REGISTER_OPTIMIZATION               = on
      RESYNTHESIZE_NETWORK                = on
      SLOW_SLEW_RATE                      = off
      SOFT_BUFFER_INSERTION               = on
      SUBFACTOR_EXTRACTION                = on
      TURBO_BIT                           = on
      XOR_SYNTHESIS                       = on
      IGNORE_SOFT_BUFFERS                 = off
      USE_LPM_FOR_AHDL_OPERATORS          = off

   Other logic synthesis settings:

      Automatic Global Clock              = on
      Automatic Global Clear              = on
      Automatic Global Preset             = on
      Automatic Global Output Enable      = on
      Automatic Fast I/O                  = off
      Automatic Register Packing          = off
      Automatic Open-Drain Pins           = on
      Automatic Implement in EAB          = off
      One-Hot State Machine Encoding      = off
      Optimize                            = 5

Default Timing Specifications: None

Cut All Bidir Feedback Timing Paths       = on
Cut All Clear & Preset Timing Paths       = on

Ignore Timing Assignments                 = off

Functional SNF Extractor                  = off

Linked SNF Extractor                      = off
Timing SNF Extractor                      = on
Optimize Timing SNF                       = off
Generate AHDL TDO File                    = off
Fitter Settings                           = NORMAL
Smart Recompile                           = off
Total Recompile                           = off

Interfaces Menu Commands
------------------------

EDIF Netlist Writer                       = off
Verilog Netlist Writer                    = off
VHDL Netlist Writer                       = off

Compilation Times
-----------------

   Compiler Netlist Extractor             00:00:00
   Database Builder                       00:00:00
   Logic Synthesizer                      00:00:00
   Partitioner                            00:00:00
   Fitter                                 00:00:00
   Timing SNF Extractor                   00:00:00
   Assembler                              00:00:00
   --------------------------             --------
   Total Time                             00:00:00


Memory Allocated
-----------------

Peak memory allocated during compilation  = 15,574K
