Project Information                     d:\work\logi\project\lightmanager1.rpt

MAX+plus II Compiler Report File
Version 10.2 07/10/2002
Compiled: 10/29/2020 22:13:31

Copyright (C) 1988-2002 Altera Corporation
Any megafunction design, and related net list (encrypted or decrypted),
support information, device programming or simulation file, and any other
associated documentation or information provided by Altera or a partner
under Altera's Megafunction Partnership Program may be used only to
program PLD devices (but not masked PLD devices) from Altera.  Any other
use of such megafunction design, net list, support information, device
programming or simulation file, or any other related documentation or
information is prohibited for any other purpose, including, but not
limited to modification, reverse engineering, de-compiling, or use with
any other silicon devices, unless such use is explicitly licensed under
a separate agreement with Altera or a megafunction partner.  Title to
the intellectual property, including patents, copyrights, trademarks,
trade secrets, or maskworks, embodied in any such megafunction design,
net list, support information, device programming or simulation file, or
any other related documentation or information provided by Altera or a
megafunction partner, remains with Altera, the megafunction partner, or
their respective licensors.  No other licenses, including any licenses
needed under any third party's intellectual property, are provided herein.



***** Project compilation was successful




** DEVICE SUMMARY **

Chip/                     Input   Output   Bidir         Shareable
POF       Device          Pins    Pins     Pins     LCs  Expanders  % Utilized

lightmanager1
      EPM7032SLC44-5       6        1        0      13      6           40 %

User Pins:                 6        1        0  



Device-Specific Information:            d:\work\logi\project\lightmanager1.rpt
lightmanager1

***** Logic for device 'lightmanager1' compiled without errors.




Device: EPM7032SLC44-5

Device Options:
    Turbo Bit                                    = ON
    Security Bit                                 = OFF
    Enable JTAG Support                        = ON
    User Code                                  = ffff

                                            R  
                                            E  
                                            S  
                                         l  E  
              s  s  s                    i  R  
              e  e  e  V  G  G  G  G  G  n  V  
              l  l  l  C  N  N  N  N  N  e  E  
              3  4  5  C  D  D  D  D  D  1  D  
            -----------------------------------_ 
          /   6  5  4  3  2  1 44 43 42 41 40   | 
    #TDI |  7                                39 | RESERVED 
    sel2 |  8                                38 | #TDO 
    sel1 |  9                                37 | RESERVED 
     GND | 10                                36 | RESERVED 
    sel0 | 11                                35 | VCC 
RESERVED | 12         EPM7032SLC44-5         34 | RESERVED 
    #TMS | 13                                33 | RESERVED 
RESERVED | 14                                32 | #TCK 
     VCC | 15                                31 | RESERVED 
RESERVED | 16                                30 | GND 
RESERVED | 17                                29 | RESERVED 
         |_  18 19 20 21 22 23 24 25 26 27 28  _| 
           ------------------------------------ 
              R  R  R  R  G  V  R  R  R  R  R  
              E  E  E  E  N  C  E  E  E  E  E  
              S  S  S  S  D  C  S  S  S  S  S  
              E  E  E  E        E  E  E  E  E  
              R  R  R  R        R  R  R  R  R  
              V  V  V  V        V  V  V  V  V  
              E  E  E  E        E  E  E  E  E  
              D  D  D  D        D  D  D  D  D  


N.C. = No Connect. This pin has no internal connection to the device.
VCC = Dedicated power pin, which MUST be connected to VCC.
GND = Dedicated ground pin or unused dedicated input, which MUST be connected to GND.
RESERVED = Unused I/O pin, which MUST be left unconnected.

^ = Dedicated configuration pin.
+ = Reserved configuration pin, which is tri-stated during user mode.
* = Reserved configuration pin, which drives out in user mode.
PDn = Power Down pin. 
@ = Special-purpose pin. 
# = JTAG Boundary-Scan Testing/In-System Programming or Configuration Pin. The JTAG inputs TMS and TDI should be tied to VCC and TCK should be tied to GND when not in use.
& = JTAG pin used for I/O. When used as user I/O, JTAG pins must be kept stable before and during configuration.  JTAG pin stability prevents accidental loading of JTAG instructions.


Device-Specific Information:            d:\work\logi\project\lightmanager1.rpt
lightmanager1

** RESOURCE USAGE **

                                                Shareable     External
Logic Array Block     Logic Cells   I/O Pins    Expanders   Interconnect

A:     LC1 - LC16     0/16(  0%)   8/16( 50%)   0/16(  0%)   0/36(  0%) 
B:    LC17 - LC32    13/16( 81%)   3/16( 18%)  16/16(100%)  19/36( 52%) 


Total dedicated input pins used:                 0/4      (  0%)
Total I/O pins used:                            11/32     ( 34%)
Total logic cells used:                         13/32     ( 40%)
Total shareable expanders used:                  6/32     ( 18%)
Total Turbo logic cells used:                   13/32     ( 40%)
Total shareable expanders not available (n/a):  10/32     ( 31%)
Average fan-in:                                  7.38
Total fan-in:                                    96

Total input pins required:                       6
Total fast input logic cells required:           0
Total output pins required:                      1
Total bidirectional pins required:               0
Total reserved pins required                     4
Total logic cells required:                     13
Total flipflops required:                        0
Total product terms required:                   63
Total logic cells lending parallel expanders:    0
Total shareable expanders in database:           6

Synthesized logic cells:                        13/  32   ( 40%)



Device-Specific Information:            d:\work\logi\project\lightmanager1.rpt
lightmanager1

** INPUTS **

                                         Shareable
                                         Expanders     Fan-In    Fan-Out
 Pin     LC  LAB  Primitive    Code   Total Shared n/a INP  FBK  OUT  FBK  Name
  11    (7)  (A)      INPUT               0      0   0    0    0    1   12  sel0
   9    (6)  (A)      INPUT               0      0   0    0    0    1   12  sel1
   8    (5)  (A)      INPUT               0      0   0    0    0    1   12  sel2
   6    (3)  (A)      INPUT               0      0   0    0    0    1   12  sel3
   5    (2)  (A)      INPUT               0      0   0    0    0    1   12  sel4
   4    (1)  (A)      INPUT               0      0   0    0    0    1   12  sel5


Code:

s = Synthesized pin or logic cell
t = Turbo logic cell
+ = Synchronous flipflop
/ = Slow slew-rate output
! = NOT gate push-back
r = Fitter-inserted logic cell


Device-Specific Information:            d:\work\logi\project\lightmanager1.rpt
lightmanager1

** OUTPUTS **

                                         Shareable
                                         Expanders     Fan-In    Fan-Out
 Pin     LC  LAB  Primitive    Code   Total Shared n/a INP  FBK  OUT  FBK  Name
  41     17    B     OUTPUT    s t        3      3   0    6    7    0    1  line1


Code:

s = Synthesized pin or logic cell
t = Turbo logic cell
+ = Synchronous flipflop
/ = Slow slew-rate output
! = NOT gate push-back
r = Fitter-inserted logic cell


Device-Specific Information:            d:\work\logi\project\lightmanager1.rpt
lightmanager1

** BURIED LOGIC **

                                         Shareable
                                         Expanders     Fan-In    Fan-Out
 Pin     LC  LAB  Primitive    Code   Total Shared n/a INP  FBK  OUT  FBK  Name
 (39)    19    B       SOFT    s t        6      3   0    6   11    1    0  ~548~1
 (38)    20    B       SOFT    s t        1      0   1    6    0    1    1  ~548~2
 (40)    18    B       SOFT    s t        1      0   1    6    0    1    1  ~548~3
 (31)    26    B       SOFT    s t        1      0   1    6    0    1    1  ~548~4
 (25)    31    B       SOFT    s t        1      0   1    6    0    1    1  ~548~5
 (27)    29    B       SOFT    s t        1      0   1    6    0    0    1  ~548~6
 (29)    27    B       SOFT    s t        1      0   1    6    0    0    1  ~548~7
 (32)    25    B       SOFT    s t        1      0   1    6    0    0    1  ~548~8
 (33)    24    B       SOFT    s t        1      0   1    6    0    0    1  ~548~9
 (34)    23    B       SOFT    s t        1      0   1    6    0    1    1  ~548~10
 (36)    22    B       SOFT    s t        1      0   1    6    0    0    1  ~548~11
 (37)    21    B       SOFT    s t        0      0   0    6    0    1    0  ~549~2


Code:

s = Synthesized pin or logic cell
t = Turbo logic cell
+ = Synchronous flipflop
/ = Slow slew-rate output
! = NOT gate push-back
r = Fitter-inserted logic cell


Device-Specific Information:            d:\work\logi\project\lightmanager1.rpt
lightmanager1

** LOGIC CELL INTERCONNECTIONS **

Logic Array Block 'B':

                                   Logic cells placed in LAB 'B'
        +------------------------- LC17 line1
        | +----------------------- LC19 ~548~1
        | | +--------------------- LC20 ~548~2
        | | | +------------------- LC18 ~548~3
        | | | | +----------------- LC26 ~548~4
        | | | | | +--------------- LC31 ~548~5
        | | | | | | +------------- LC29 ~548~6
        | | | | | | | +----------- LC27 ~548~7
        | | | | | | | | +--------- LC25 ~548~8
        | | | | | | | | | +------- LC24 ~548~9
        | | | | | | | | | | +----- LC23 ~548~10
        | | | | | | | | | | | +--- LC22 ~548~11
        | | | | | | | | | | | | +- LC21 ~549~2
        | | | | | | | | | | | | | 
        | | | | | | | | | | | | |   Other LABs fed by signals
        | | | | | | | | | | | | |   that feed LAB 'B'
LC      | | | | | | | | | | | | | | A B |     Logic cells that feed LAB 'B':
LC17 -> - * - - - - - - - - - - - | - * | <-- line1
LC19 -> * - - - - - - - - - - - - | - * | <-- ~548~1
LC20 -> * * - - - - - - - - - - - | - * | <-- ~548~2
LC18 -> * * - - - - - - - - - - - | - * | <-- ~548~3
LC26 -> * * - - - - - - - - - - - | - * | <-- ~548~4
LC31 -> * * - - - - - - - - - - - | - * | <-- ~548~5
LC29 -> - * - - - - - - - - - - - | - * | <-- ~548~6
LC27 -> - * - - - - - - - - - - - | - * | <-- ~548~7
LC25 -> - * - - - - - - - - - - - | - * | <-- ~548~8
LC24 -> - * - - - - - - - - - - - | - * | <-- ~548~9
LC23 -> * * - - - - - - - - - - - | - * | <-- ~548~10
LC22 -> - * - - - - - - - - - - - | - * | <-- ~548~11
LC21 -> * - - - - - - - - - - - - | - * | <-- ~549~2

Pin
11   -> * * * * * * * * * * * * * | - * | <-- sel0
9    -> * * * * * * * * * * * * * | - * | <-- sel1
8    -> * * * * * * * * * * * * * | - * | <-- sel2
6    -> * * * * * * * * * * * * * | - * | <-- sel3
5    -> * * * * * * * * * * * * * | - * | <-- sel4
4    -> * * * * * * * * * * * * * | - * | <-- sel5


* = The logic cell or pin is an input to the logic cell (or LAB) through the PIA.
- = The logic cell or pin is not an input to the logic cell (or LAB).


Device-Specific Information:            d:\work\logi\project\lightmanager1.rpt
lightmanager1

** EQUATIONS **

sel0     : INPUT;
sel1     : INPUT;
sel2     : INPUT;
sel3     : INPUT;
sel4     : INPUT;
sel5     : INPUT;

-- Node name is 'line1' = '~549~1' 
-- Equation name is 'line1', location is LC017, type is output.
 line1   = LCELL( _EQ001 $  VCC);
  _EQ001 = !_LC018 & !_LC019 & !_LC020 & !_LC021 & !_LC023 & !_LC026 & 
             !_LC031 &  _X001 &  _X002 &  _X003;
  _X001  = EXP( sel0 & !sel1 &  sel2 &  sel3 & !sel4 & !sel5);
  _X002  = EXP(!sel0 &  sel1 &  sel2 &  sel3 & !sel4 & !sel5);
  _X003  = EXP( sel0 &  sel1 &  sel2 &  sel3 & !sel4 & !sel5);

-- Node name is '~548~1' 
-- Equation name is '~548~1', location is LC019, type is buried.
-- synthesized logic cell 
_LC019   = LCELL( _EQ002 $  _EQ003);
  _EQ002 = !_LC018 & !_LC020 & !_LC022 & !_LC023 & !_LC024 & !_LC025 & 
             !_LC026 & !_LC027 & !_LC029 & !_LC031 &  line1 & !sel2 & !sel3 & 
              sel4 &  sel5 &  _X001 &  _X002 &  _X003 &  _X004 &  _X005 & 
              _X006;
  _X001  = EXP( sel0 & !sel1 &  sel2 &  sel3 & !sel4 & !sel5);
  _X002  = EXP(!sel0 &  sel1 &  sel2 &  sel3 & !sel4 & !sel5);
  _X003  = EXP( sel0 &  sel1 &  sel2 &  sel3 & !sel4 & !sel5);
  _X004  = EXP( sel0 & !sel1 & !sel2 &  sel3 & !sel4 &  sel5);
  _X005  = EXP(!sel0 & !sel1 & !sel2 &  sel3 & !sel4 &  sel5);
  _X006  = EXP( sel0 &  sel1 & !sel2 &  sel3 & !sel4 & !sel5);
  _EQ003 = !_LC018 & !_LC020 & !_LC022 & !_LC023 & !_LC024 & !_LC025 & 
             !_LC026 & !_LC027 & !_LC029 & !_LC031 &  line1 &  _X001 &  _X002 & 
              _X003 &  _X004 &  _X005 &  _X006;
  _X001  = EXP( sel0 & !sel1 &  sel2 &  sel3 & !sel4 & !sel5);
  _X002  = EXP(!sel0 &  sel1 &  sel2 &  sel3 & !sel4 & !sel5);
  _X003  = EXP( sel0 &  sel1 &  sel2 &  sel3 & !sel4 & !sel5);
  _X004  = EXP( sel0 & !sel1 & !sel2 &  sel3 & !sel4 &  sel5);
  _X005  = EXP(!sel0 & !sel1 & !sel2 &  sel3 & !sel4 &  sel5);
  _X006  = EXP( sel0 &  sel1 & !sel2 &  sel3 & !sel4 & !sel5);

-- Node name is '~548~2' 
-- Equation name is '~548~2', location is LC020, type is buried.
-- synthesized logic cell 
_LC020   = LCELL( _EQ004 $  GND);
  _EQ004 =  sel0 &  sel1 &  sel2 &  sel3 & !sel4 &  sel5
         # !sel0 &  sel1 &  sel2 &  sel3 & !sel4 &  sel5
         #  sel0 & !sel1 &  sel2 &  sel3 & !sel4 &  sel5
         # !sel0 & !sel1 &  sel2 &  sel3 & !sel4 &  sel5
         #  sel0 &  sel1 &  sel2 & !sel3 & !sel4 &  sel5;

-- Node name is '~548~3' 
-- Equation name is '~548~3', location is LC018, type is buried.
-- synthesized logic cell 
_LC018   = LCELL( _EQ005 $  GND);
  _EQ005 = !sel0 &  sel1 &  sel2 & !sel3 & !sel4 &  sel5
         # !sel0 & !sel1 & !sel2 & !sel3 &  sel4 & !sel5
         #  sel0 & !sel1 & !sel2 & !sel3 &  sel4 & !sel5
         # !sel0 &  sel1 & !sel2 & !sel3 &  sel4 & !sel5
         #  sel0 &  sel1 & !sel2 & !sel3 &  sel4 & !sel5;

-- Node name is '~548~4' 
-- Equation name is '~548~4', location is LC026, type is buried.
-- synthesized logic cell 
_LC026   = LCELL( _EQ006 $  GND);
  _EQ006 = !sel0 & !sel1 & !sel2 & !sel3 & !sel4 & !sel5
         #  sel0 & !sel1 & !sel2 & !sel3 & !sel4 & !sel5
         # !sel0 &  sel1 & !sel2 & !sel3 & !sel4 & !sel5
         #  sel0 &  sel1 & !sel2 & !sel3 & !sel4 & !sel5
         # !sel0 & !sel1 &  sel2 & !sel3 & !sel4 & !sel5;

-- Node name is '~548~5' 
-- Equation name is '~548~5', location is LC031, type is buried.
-- synthesized logic cell 
_LC031   = LCELL( _EQ007 $  GND);
  _EQ007 =  sel0 & !sel1 &  sel2 & !sel3 & !sel4 & !sel5
         # !sel0 & !sel1 & !sel2 & !sel3 & !sel4 &  sel5
         # !sel0 &  sel1 &  sel2 & !sel3 & !sel4 & !sel5
         #  sel0 & !sel1 & !sel2 & !sel3 & !sel4 &  sel5
         #  sel0 &  sel1 &  sel2 & !sel3 & !sel4 & !sel5;

-- Node name is '~548~6' 
-- Equation name is '~548~6', location is LC029, type is buried.
-- synthesized logic cell 
_LC029   = LCELL( _EQ008 $  GND);
  _EQ008 = !sel0 &  sel1 & !sel2 &  sel3 & !sel4 &  sel5
         #  sel0 &  sel1 & !sel2 &  sel3 & !sel4 &  sel5
         # !sel0 & !sel1 &  sel2 & !sel3 &  sel4 & !sel5
         #  sel0 & !sel1 &  sel2 & !sel3 &  sel4 & !sel5
         # !sel0 &  sel1 &  sel2 & !sel3 &  sel4 & !sel5;

-- Node name is '~548~7' 
-- Equation name is '~548~7', location is LC027, type is buried.
-- synthesized logic cell 
_LC027   = LCELL( _EQ009 $  GND);
  _EQ009 =  sel0 &  sel1 &  sel2 & !sel3 &  sel4 & !sel5
         # !sel0 & !sel1 & !sel2 &  sel3 &  sel4 & !sel5
         #  sel0 & !sel1 & !sel2 &  sel3 &  sel4 & !sel5
         # !sel0 & !sel1 &  sel2 & !sel3 &  sel4 &  sel5
         # !sel0 &  sel1 & !sel2 &  sel3 &  sel4 & !sel5;

-- Node name is '~548~8' 
-- Equation name is '~548~8', location is LC025, type is buried.
-- synthesized logic cell 
_LC025   = LCELL( _EQ010 $  GND);
  _EQ010 =  sel0 & !sel1 &  sel2 & !sel3 &  sel4 &  sel5
         #  sel0 &  sel1 & !sel2 &  sel3 &  sel4 & !sel5
         # !sel0 &  sel1 &  sel2 & !sel3 &  sel4 &  sel5
         # !sel0 & !sel1 &  sel2 &  sel3 &  sel4 & !sel5
         #  sel0 &  sel1 &  sel2 & !sel3 &  sel4 &  sel5;

-- Node name is '~548~9' 
-- Equation name is '~548~9', location is LC024, type is buried.
-- synthesized logic cell 
_LC024   = LCELL( _EQ011 $  GND);
  _EQ011 =  sel0 & !sel1 &  sel2 &  sel3 &  sel4 & !sel5
         # !sel0 & !sel1 & !sel2 &  sel3 &  sel4 &  sel5
         # !sel0 &  sel1 &  sel2 &  sel3 &  sel4 & !sel5
         #  sel0 & !sel1 & !sel2 &  sel3 &  sel4 &  sel5
         #  sel0 &  sel1 &  sel2 &  sel3 &  sel4 & !sel5;

-- Node name is '~548~10' 
-- Equation name is '~548~10', location is LC023, type is buried.
-- synthesized logic cell 
_LC023   = LCELL( _EQ012 $  GND);
  _EQ012 = !sel0 &  sel1 & !sel2 & !sel3 & !sel4 &  sel5
         #  sel0 &  sel1 & !sel2 & !sel3 & !sel4 &  sel5
         # !sel0 & !sel1 &  sel2 & !sel3 & !sel4 &  sel5
         #  sel0 & !sel1 &  sel2 & !sel3 & !sel4 &  sel5
         # !sel0 & !sel1 &  sel2 &  sel3 & !sel4 & !sel5;

-- Node name is '~548~11' 
-- Equation name is '~548~11', location is LC022, type is buried.
-- synthesized logic cell 
_LC022   = LCELL( _EQ013 $  GND);
  _EQ013 = !sel0 &  sel1 & !sel2 &  sel3 &  sel4 &  sel5
         #  sel0 &  sel1 & !sel2 &  sel3 &  sel4 &  sel5
         # !sel0 & !sel1 & !sel2 &  sel3 & !sel4 & !sel5
         #  sel0 & !sel1 & !sel2 &  sel3 & !sel4 & !sel5
         # !sel0 &  sel1 & !sel2 &  sel3 & !sel4 & !sel5;

-- Node name is '~549~2' 
-- Equation name is '~549~2', location is LC021, type is buried.
-- synthesized logic cell 
_LC021   = LCELL( _EQ014 $  GND);
  _EQ014 =  sel0 &  sel1 & !sel2 & !sel3 &  sel4 &  sel5
         # !sel0 &  sel1 & !sel2 & !sel3 &  sel4 &  sel5
         #  sel0 & !sel1 & !sel2 & !sel3 &  sel4 &  sel5
         # !sel0 & !sel1 & !sel2 & !sel3 &  sel4 &  sel5;



--     Shareable expanders that are duplicated in multiple LABs:
--     (none)




Project Information                     d:\work\logi\project\lightmanager1.rpt

** COMPILATION SETTINGS & TIMES **

Processing Menu Commands
------------------------

Design Doctor                             = off

Logic Synthesis:

   Synthesis Type Used                    = Standard

   Default Synthesis Style                = NORMAL

      Logic option settings in 'NORMAL' style for 'MAX7000S' family

      DECOMPOSE_GATES                     = on
      DUPLICATE_LOGIC_EXTRACTION          = on
      MINIMIZATION                        = full
      MULTI_LEVEL_FACTORING               = on
      NOT_GATE_PUSH_BACK                  = on
      PARALLEL_EXPANDERS                  = off
      REDUCE_LOGIC                        = on
      REFACTORIZATION                     = on
      REGISTER_OPTIMIZATION               = on
      RESYNTHESIZE_NETWORK                = on
      SLOW_SLEW_RATE                      = off
      SOFT_BUFFER_INSERTION               = on
      SUBFACTOR_EXTRACTION                = on
      TURBO_BIT                           = on
      XOR_SYNTHESIS                       = on
      IGNORE_SOFT_BUFFERS                 = off
      USE_LPM_FOR_AHDL_OPERATORS          = off

   Other logic synthesis settings:

      Automatic Global Clock              = on
      Automatic Global Clear              = on
      Automatic Global Preset             = on
      Automatic Global Output Enable      = on
      Automatic Fast I/O                  = off
      Automatic Register Packing          = off
      Automatic Open-Drain Pins           = on
      Automatic Implement in EAB          = off
      One-Hot State Machine Encoding      = off
      Optimize                            = 5

Default Timing Specifications: None

Cut All Bidir Feedback Timing Paths       = on
Cut All Clear & Preset Timing Paths       = on

Ignore Timing Assignments                 = off

Functional SNF Extractor                  = off

Linked SNF Extractor                      = off
Timing SNF Extractor                      = on
Optimize Timing SNF                       = off
Generate AHDL TDO File                    = off
Fitter Settings                           = NORMAL
Smart Recompile                           = off
Total Recompile                           = off

Interfaces Menu Commands
------------------------

EDIF Netlist Writer                       = off
Verilog Netlist Writer                    = off
VHDL Netlist Writer                       = off

Compilation Times
-----------------

   Compiler Netlist Extractor             00:00:00
   Database Builder                       00:00:00
   Logic Synthesizer                      00:00:00
   Partitioner                            00:00:00
   Fitter                                 00:00:00
   Timing SNF Extractor                   00:00:00
   Assembler                              00:00:00
   --------------------------             --------
   Total Time                             00:00:00


Memory Allocated
-----------------

Peak memory allocated during compilation  = 12,367K
